Arguments: 
  /Users/zhulu/.nvm/versions/node/v10.15.3/bin/node /usr/local/bin/yarn

PATH: 
  /Users/zhulu/.nvm/versions/node/v10.15.3/bin:/usr/local/bin:/usr/bin:/bin:/usr/sbin:/sbin:/Users/zhulu/.rvm/bin

Yarn version: 
  1.12.3

Node version: 
  10.15.3

Platform: 
  darwin x64

Trace: 
  Error: http://npm.qycloud.com.cn:4873/lin-ui: ESOCKETTIMEDOUT
      at ClientRequest.<anonymous> (/usr/local/lib/node_modules/yarn/lib/cli.js:129645:19)
      at Object.onceWrapper (events.js:277:13)
      at ClientRequest.emit (events.js:189:13)
      at Socket.emitRequestTimeout (_http_client.js:662:40)
      at Object.onceWrapper (events.js:277:13)
      at Socket.emit (events.js:189:13)
      at Socket._onTimeout (net.js:440:8)
      at ontimeout (timers.js:436:11)
      at tryOnTimeout (timers.js:300:5)
      at listOnTimeout (timers.js:263:5)

npm manifest: 
  {
    "name": "myeducation",
    "version": "1.0.0",
    "description": "公务员考试教育",
    "main": "app.js",
    "scripts": {
      "test": "echo \"Error: no test specified\" && exit 1"
    },
    "repository": {
      "type": "git",
      "url": "https://e.coding.net/myeducation/myeducation_wxapp.git"
    },
    "author": "zhulu",
    "license": "ISC",
    "dependencies": {
      "lin-ui": "^0.5.15"
    }
  }

yarn manifest: 
  No manifest

Lockfile: 
  No lockfile
